# JRE version: OpenJDK Runtime Environment (21.0.8) (build 21.0.8+-14196175-b1038.72)
# Java VM: OpenJDK 64-Bit Server VM (21.0.8+-14196175-b1038.72, mixed mode, tiered, compressed oops, compressed class ptrs, g1 gc, windows-amd64)
GC Precious Log:
 CardTable entry size: 512
 Card Set container configuration: InlinePtr #cards 4 size 8 Array Of Cards #cards 32 size 80 Howl #buckets 8 coarsen threshold 7372 Howl Bitmap #cards 1024 size 144 coarsen threshold 921 Card regions per heap region 1 cards per card region 8192
 CPUs: 8 total, 8 available
 Memory: 16242M
 Large Page Support: Disabled
 NUMA Support: Disabled
 Compressed Oops: Enabled (Zero based)
 Heap Region Size: 4M
 Heap Min Capacity: 8M
 Heap Initial Capacity: 256M
 Heap Max Capacity: 8G
 Pre-touch: Disabled
 Parallel Workers: 8
 Concurrent Workers: 2
 Concurrent Refinement Workers: 8
 Periodic GC: Disabled
Heap:
 garbage-first heap   total 1982464K, used 497237K [0x0000000600000000, 0x0000000800000000)
  region size 4096K, 1 young (4096K), 1 survivors (4096K)
 Metaspace       used 309811K, committed 313536K, reserved 1376256K
  class space    used 39553K, committed 41792K, reserved 1048576K
GC Heap History (20 events):
Event: 29206.605 GC heap after
{Heap after GC invocations=243 (full 0):
 garbage-first heap   total 2048000K, used 661093K [0x0000000600000000, 0x0000000800000000)
  region size 4096K, 5 young (20480K), 5 survivors (20480K)
 Metaspace       used 309537K, committed 313536K, reserved 1376256K
  class space    used 39542K, committed 41792K, reserved 1048576K
}
Event: 29211.757 GC heap before
{Heap before GC invocations=243 (full 0):
 garbage-first heap   total 2048000K, used 1029733K [0x0000000600000000, 0x0000000800000000)
  region size 4096K, 96 young (393216K), 5 survivors (20480K)
 Metaspace       used 309624K, committed 313536K, reserved 1376256K
  class space    used 39552K, committed 41792K, reserved 1048576K
}
Event: 29211.805 GC heap after
{Heap after GC invocations=244 (full 0):
 garbage-first heap   total 2048000K, used 668528K [0x0000000600000000, 0x0000000800000000)
  region size 4096K, 11 young (45056K), 11 survivors (45056K)
 Metaspace       used 309624K, committed 313536K, reserved 1376256K
  class space    used 39552K, committed 41792K, reserved 1048576K
}
Event: 32983.974 GC heap before
{Heap before GC invocations=244 (full 0):
 garbage-first heap   total 2048000K, used 988016K [0x0000000600000000, 0x0000000800000000)
  region size 4096K, 90 young (368640K), 11 survivors (45056K)
 Metaspace       used 309653K, committed 313536K, reserved 1376256K
  class space    used 39552K, committed 41792K, reserved 1048576K
}
Event: 32984.637 GC heap after
{Heap after GC invocations=245 (full 0):
 garbage-first heap   total 2048000K, used 643044K [0x0000000600000000, 0x0000000800000000)
  region size 4096K, 6 young (24576K), 6 survivors (24576K)
 Metaspace       used 309653K, committed 313536K, reserved 1376256K
  class space    used 39552K, committed 41792K, reserved 1048576K
}
Event: 32986.554 GC heap before
{Heap before GC invocations=245 (full 0):
 garbage-first heap   total 2048000K, used 716772K [0x0000000600000000, 0x0000000800000000)
  region size 4096K, 25 young (102400K), 6 survivors (24576K)
 Metaspace       used 309666K, committed 313536K, reserved 1376256K
  class space    used 39552K, committed 41792K, reserved 1048576K
}
Event: 32986.667 GC heap after
{Heap after GC invocations=246 (full 0):
 garbage-first heap   total 2048000K, used 650343K [0x0000000600000000, 0x0000000800000000)
  region size 4096K, 3 young (12288K), 3 survivors (12288K)
 Metaspace       used 309666K, committed 313536K, reserved 1376256K
  class space    used 39552K, committed 41792K, reserved 1048576K
}
Event: 32986.774 GC heap before
{Heap before GC invocations=246 (full 0):
 garbage-first heap   total 2048000K, used 650343K [0x0000000600000000, 0x0000000800000000)
  region size 4096K, 4 young (16384K), 3 survivors (12288K)
 Metaspace       used 309668K, committed 313536K, reserved 1376256K
  class space    used 39552K, committed 41792K, reserved 1048576K
}
Event: 32986.875 GC heap after
{Heap after GC invocations=247 (full 0):
 garbage-first heap   total 2048000K, used 650422K [0x0000000600000000, 0x0000000800000000)
  region size 4096K, 3 young (12288K), 3 survivors (12288K)
 Metaspace       used 309668K, committed 313536K, reserved 1376256K
  class space    used 39552K, committed 41792K, reserved 1048576K
}
Event: 33038.008 GC heap before
{Heap before GC invocations=248 (full 0):
 garbage-first heap   total 1982464K, used 1021606K [0x0000000600000000, 0x0000000800000000)
  region size 4096K, 109 young (446464K), 3 survivors (12288K)
 Metaspace       used 309792K, committed 313536K, reserved 1376256K
  class space    used 39553K, committed 41792K, reserved 1048576K
}
Event: 33038.161 GC heap after
{Heap after GC invocations=249 (full 0):
 garbage-first heap   total 1982464K, used 618069K [0x0000000600000000, 0x0000000800000000)
  region size 4096K, 14 young (57344K), 14 survivors (57344K)
 Metaspace       used 309792K, committed 313536K, reserved 1376256K
  class space    used 39553K, committed 41792K, reserved 1048576K
}
Event: 33038.847 GC heap before
{Heap before GC invocations=249 (full 0):
 garbage-first heap   total 1982464K, used 654933K [0x0000000600000000, 0x0000000800000000)
  region size 4096K, 24 young (98304K), 14 survivors (57344K)
 Metaspace       used 309794K, committed 313536K, reserved 1376256K
  class space    used 39553K, committed 41792K, reserved 1048576K
}
Event: 33038.962 GC heap after
{Heap after GC invocations=250 (full 0):
 garbage-first heap   total 1982464K, used 602163K [0x0000000600000000, 0x0000000800000000)
  region size 4096K, 3 young (12288K), 3 survivors (12288K)
 Metaspace       used 309794K, committed 313536K, reserved 1376256K
  class space    used 39553K, committed 41792K, reserved 1048576K
}
Event: 33044.496 GC heap before
{Heap before GC invocations=250 (full 0):
 garbage-first heap   total 1982464K, used 684083K [0x0000000600000000, 0x0000000800000000)
  region size 4096K, 24 young (98304K), 3 survivors (12288K)
 Metaspace       used 309798K, committed 313536K, reserved 1376256K
  class space    used 39553K, committed 41792K, reserved 1048576K
}
Event: 33044.523 GC heap after
{Heap after GC invocations=251 (full 0):
 garbage-first heap   total 1982464K, used 579203K [0x0000000600000000, 0x0000000800000000)
  region size 4096K, 2 young (8192K), 2 survivors (8192K)
 Metaspace       used 309798K, committed 313536K, reserved 1376256K
  class space    used 39553K, committed 41792K, reserved 1048576K
}
Event: 33044.810 GC heap before
{Heap before GC invocations=251 (full 0):
 garbage-first heap   total 1982464K, used 665219K [0x0000000600000000, 0x0000000800000000)
  region size 4096K, 24 young (98304K), 2 survivors (8192K)
 Metaspace       used 309798K, committed 313536K, reserved 1376256K
  class space    used 39553K, committed 41792K, reserved 1048576K
}
Event: 33044.848 GC heap after
{Heap after GC invocations=252 (full 0):
 garbage-first heap   total 1982464K, used 558754K [0x0000000600000000, 0x0000000800000000)
  region size 4096K, 3 young (12288K), 3 survivors (12288K)
 Metaspace       used 309798K, committed 313536K, reserved 1376256K
  class space    used 39553K, committed 41792K, reserved 1048576K
}
Event: 33045.034 GC heap before
{Heap before GC invocations=252 (full 0):
 garbage-first heap   total 1982464K, used 640674K [0x0000000600000000, 0x0000000800000000)
  region size 4096K, 24 young (98304K), 3 survivors (12288K)
 Metaspace       used 309798K, committed 313536K, reserved 1376256K
  class space    used 39553K, committed 41792K, reserved 1048576K
}
Event: 33045.087 GC heap after
{Heap after GC invocations=253 (full 0):
 garbage-first heap   total 1982464K, used 530360K [0x0000000600000000, 0x0000000800000000)
  region size 4096K, 2 young (8192K), 2 survivors (8192K)
 Metaspace       used 309798K, committed 313536K, reserved 1376256K
  class space    used 39553K, committed 41792K, reserved 1048576K
}
Event: 33304.799 GC heap before
{Heap before GC invocations=253 (full 0):
 garbage-first heap   total 1982464K, used 681912K [0x0000000600000000, 0x0000000800000000)
  region size 4096K, 40 young (163840K), 2 survivors (8192K)
 Metaspace       used 309811K, committed 313536K, reserved 1376256K
  class space    used 39553K, committed 41792K, reserved 1048576K
}

